VRGrappleGame/app/build/intermediates/manifest_merge_blame_file/release/manifest-merger-blame-release-report.txt
1<?xml version="1.0" encoding="utf-8"?>
2<manifest xmlns:android="http://schemas.android.com/apk/res/android"
3    package="com.example.SwingOut"
4    android:versionCode="1"
5    android:versionName="1.0" >
6
7    <uses-sdk
8        android:minSdkVersion="24"
9        android:targetSdkVersion="30" />
10
11    <!-- Tell the system this app requires OpenGL ES 3.2. -->
12    <uses-feature
12-->src\main\AndroidManifest.xml:7:3-75
13        android:glEsVersion="0x00030002"
13-->src\main\AndroidManifest.xml:7:17-49
14        android:required="true" />
14-->src\main\AndroidManifest.xml:7:50-73
15
16    <!-- Tell the system this app works in either 3dof or 6dof mode -->
17    <uses-feature
17-->src\main\AndroidManifest.xml:10:3-91
18        android:name="android.hardware.vr.headtracking"
18-->src\main\AndroidManifest.xml:10:17-64
19        android:required="true" />
19-->src\main\AndroidManifest.xml:10:65-88
20    <uses-feature
20-->src\main\AndroidManifest.xml:11:3-87
21        android:name="oculus.software.handtracking"
21-->src\main\AndroidManifest.xml:11:17-60
22        android:required="true" />
22-->src\main\AndroidManifest.xml:11:61-84
23
24    <uses-permission android:name="com.oculus.permission.HAND_TRACKING" />
24-->src\main\AndroidManifest.xml:12:3-73
24-->src\main\AndroidManifest.xml:12:20-70
25
26    <application
26-->src\main\AndroidManifest.xml:14:3-41:17
27        android:allowBackup="false"
27-->src\main\AndroidManifest.xml:15:7-34
28        android:appComponentFactory="androidx.core.app.CoreComponentFactory"
28-->[androidx.core:core:1.5.0] AndroidManifest.xml:24:18-86
29        android:extractNativeLibs="false"
30        android:hasCode="true"
30-->src\main\AndroidManifest.xml:17:7-29
31        android:label="@string/app_name" >
31-->src\main\AndroidManifest.xml:16:7-39
32
33        <!-- The activity is the built-in NativeActivity framework class. -->
34        <!-- launchMode is set to singleTask because there should never be multiple copies of the app running. -->
35        <!-- Theme.Black.NoTitleBar.Fullscreen gives solid black instead of a (bad stereoscopic) gradient on app transition. -->
36        <!-- If targeting API level 24+, configChanges should additionally include 'density'. -->
37        <!-- If targeting API level 24+, android:resizeableActivity="false" should be added. -->
38        <activity
38-->src\main\AndroidManifest.xml:24:5-40:16
39            android:name="com.oxrapp.glesapp.OXRAppMainActivity"
39-->src\main\AndroidManifest.xml:24:15-67
40            android:configChanges="screenSize|screenLayout|orientation|keyboardHidden|keyboard|navigation|uiMode"
40-->src\main\AndroidManifest.xml:29:15-116
41            android:excludeFromRecents="false"
41-->src\main\AndroidManifest.xml:28:15-49
42            android:launchMode="singleTask"
42-->src\main\AndroidManifest.xml:26:15-46
43            android:screenOrientation="landscape"
43-->src\main\AndroidManifest.xml:27:15-52
44            android:theme="@android:style/Theme.Black.NoTitleBar.Fullscreen" >
44-->src\main\AndroidManifest.xml:25:15-79
45
46            <!-- Tell NativeActivity the name of our .so -->
47            <meta-data
47-->src\main\AndroidManifest.xml:31:7-32:47
48                android:name="android.app.lib_name"
48-->src\main\AndroidManifest.xml:31:18-53
49                android:value="openxr_app" />
49-->src\main\AndroidManifest.xml:32:18-44
50
51            <!-- This filter lets the apk show up as a launchable icon. -->
52            <intent-filter>
52-->src\main\AndroidManifest.xml:35:7-39:23
53                <action android:name="android.intent.action.MAIN" />
53-->src\main\AndroidManifest.xml:36:9-61
53-->src\main\AndroidManifest.xml:36:17-58
54
55                <category android:name="com.oculus.intent.category.VR" />
55-->src\main\AndroidManifest.xml:37:9-66
55-->src\main\AndroidManifest.xml:37:19-63
56                <category android:name="android.intent.category.LAUNCHER" />
56-->src\main\AndroidManifest.xml:38:9-69
56-->src\main\AndroidManifest.xml:38:19-66
57            </intent-filter>
58        </activity>
59    </application>
60
61</manifest>